::1 - - [13/Mar/2015:12:39:08 +0100] "GET / HTTP/1.1" 200 2165
::1 - - [13/Mar/2015:12:39:09 +0100] "GET /css/main.css HTTP/1.1" 304 -
::1 - - [13/Mar/2015:12:39:10 +0100] "GET /favicon.ico HTTP/1.1" 404 209
::1 - - [13/Mar/2015:12:39:10 +0100] "POST / HTTP/1.1" 200 190
::1 - - [13/Mar/2015:12:40:35 +0100] "GET / HTTP/1.1" 200 2165
::1 - - [13/Mar/2015:12:40:36 +0100] "GET /webshop.php HTTP/1.1" 200 8174
::1 - - [13/Mar/2015:12:40:36 +0100] "GET /items/mk7.jpg HTTP/1.1" 304 -
::1 - - [13/Mar/2015:12:40:36 +0100] "GET /items/sm3dl.jpg HTTP/1.1" 304 -
::1 - - [13/Mar/2015:12:40:36 +0100] "GET /items/nsmb2.jpg HTTP/1.1" 304 -
::1 - - [13/Mar/2015:12:40:36 +0100] "GET /items/oot3d.jpg HTTP/1.1" 304 -
::1 - - [13/Mar/2015:12:40:36 +0100] "GET /items/mm3d.jpg HTTP/1.1" 304 -
::1 - - [13/Mar/2015:12:40:36 +0100] "GET /items/sm3dw.jpg HTTP/1.1" 304 -
::1 - - [13/Mar/2015:12:40:36 +0100] "GET /items/hw.jpg HTTP/1.1" 304 -
::1 - - [13/Mar/2015:12:40:36 +0100] "GET /items/mk8.jpg HTTP/1.1" 304 -
::1 - - [13/Mar/2015:12:40:37 +0100] "POST /webshop.php HTTP/1.1" 200 7784
::1 - - [13/Mar/2015:12:41:29 +0100] "GET /index.php HTTP/1.1" 200 1775
::1 - - [13/Mar/2015:12:41:30 +0100] "POST /index.php HTTP/1.1" 200 2165
::1 - - [13/Mar/2015:12:41:31 +0100] "GET /register.php HTTP/1.1" 200 6231
::1 - - [13/Mar/2015:12:41:31 +0100] "POST /register.php HTTP/1.1" 200 5841
::1 - - [13/Mar/2015:12:41:32 +0100] "POST /register.php HTTP/1.1" 200 6231
::1 - - [13/Mar/2015:12:41:33 +0100] "GET /index.php HTTP/1.1" 200 2165
::1 - - [13/Mar/2015:12:41:34 +0100] "POST /index.php HTTP/1.1" 200 1775
::1 - - [13/Mar/2015:12:41:34 +0100] "POST /index.php HTTP/1.1" 200 2165
::1 - - [13/Mar/2015:12:41:40 +0100] "GET /index.php HTTP/1.1" 200 2165
::1 - - [13/Mar/2015:12:41:41 +0100] "GET /deals.php HTTP/1.1" 200 2165
::1 - - [13/Mar/2015:12:41:42 +0100] "POST /deals.php HTTP/1.1" 200 1775
::1 - - [13/Mar/2015:12:41:43 +0100] "POST /deals.php HTTP/1.1" 200 2165
::1 - - [13/Mar/2015:12:41:45 +0100] "GET /about.php HTTP/1.1" 200 3173
::1 - - [13/Mar/2015:12:41:45 +0100] "POST /about.php HTTP/1.1" 200 2783
::1 - - [13/Mar/2015:12:41:46 +0100] "POST /about.php HTTP/1.1" 200 3173
