2015-03-03 19:27:22 6476 [Note] Plugin 'FEDERATED' is disabled.
2015-03-03 19:27:22 6476 [Note] InnoDB: The InnoDB memory heap is disabled
2015-03-03 19:27:22 6476 [Note] InnoDB: Mutexes and rw_locks use Windows interlocked functions
2015-03-03 19:27:22 6476 [Note] InnoDB: Compressed tables use zlib 1.2.3
2015-03-03 19:27:22 6476 [Note] InnoDB: Not using CPU crc32 instructions
2015-03-03 19:27:22 6476 [Note] InnoDB: Initializing buffer pool, size = 128.0M
2015-03-03 19:27:22 6476 [Note] InnoDB: Completed initialization of buffer pool
2015-03-03 19:27:22 6476 [Note] InnoDB: Highest supported file format is Barracuda.
2015-03-03 19:27:22 6476 [Note] InnoDB: The log sequence numbers 1626134 and 1626134 in ibdata files do not match the log sequence number 1759284 in the ib_logfiles!
2015-03-03 19:27:22 6476 [Note] InnoDB: Database was not shutdown normally!
2015-03-03 19:27:22 6476 [Note] InnoDB: Starting crash recovery.
2015-03-03 19:27:22 6476 [Note] InnoDB: Reading tablespace information from the .ibd files...
2015-03-03 19:27:22 6476 [Note] InnoDB: Restoring possible half-written data pages 
2015-03-03 19:27:22 6476 [Note] InnoDB: from the doublewrite buffer...
2015-03-03 19:27:23 6476 [Note] InnoDB: 128 rollback segment(s) are active.
2015-03-03 19:27:23 6476 [Note] InnoDB: Waiting for purge to start
2015-03-03 19:27:23 6476 [Note] InnoDB: 5.6.13 started; log sequence number 1759284
2015-03-03 19:27:23 6476 [Note] Server hostname (bind-address): '*'; port: 3307
2015-03-03 19:27:23 6476 [Note] IPv6 is available.
2015-03-03 19:27:23 6476 [Note]   - '::' resolves to '::';
2015-03-03 19:27:23 6476 [Note] Server socket created on IP: '::'.
2015-03-03 19:27:23 6476 [Note] Event Scheduler: Loaded 0 events
2015-03-03 19:27:23 6476 [Note] C:\Users\Erwin\Documents\GitHub\GameWebshop\usbwebserver/mysql/bin/mysqld_usbwv8.exe: ready for connections.
Version: '5.6.13'  socket: ''  port: 3307  MySQL Community Server (GPL)
