2015-03-03 14:16:18 3152 [Note] Plugin 'FEDERATED' is disabled.
2015-03-03 14:16:18 3152 [Note] InnoDB: The InnoDB memory heap is disabled
2015-03-03 14:16:18 3152 [Note] InnoDB: Mutexes and rw_locks use Windows interlocked functions
2015-03-03 14:16:18 3152 [Note] InnoDB: Compressed tables use zlib 1.2.3
2015-03-03 14:16:18 3152 [Note] InnoDB: Not using CPU crc32 instructions
2015-03-03 14:16:18 3152 [Note] InnoDB: Initializing buffer pool, size = 128.0M
2015-03-03 14:16:18 3152 [Note] InnoDB: Completed initialization of buffer pool
2015-03-03 14:16:18 3152 [Note] InnoDB: Setting log file C:\Users\Erwin\Dropbox\HAN\WebDevs\usbwebserver\mysql\data\ib_logfile101 size to 5 MB
2015-03-03 14:16:19 3152 [Note] InnoDB: Setting log file C:\Users\Erwin\Dropbox\HAN\WebDevs\usbwebserver\mysql\data\ib_logfile1 size to 5 MB
2015-03-03 14:16:20 3152 [Note] InnoDB: Renaming log file C:\Users\Erwin\Dropbox\HAN\WebDevs\usbwebserver\mysql\data\ib_logfile101 to C:\Users\Erwin\Dropbox\HAN\WebDevs\usbwebserver\mysql\data\ib_logfile0
2015-03-03 14:16:20 3152 [Warning] InnoDB: New log files created, LSN=1626134
2015-03-03 14:16:20 3152 [Note] InnoDB: Highest supported file format is Barracuda.
2015-03-03 14:16:21 3152 [Note] InnoDB: 128 rollback segment(s) are active.
2015-03-03 14:16:21 3152 [Note] InnoDB: Waiting for purge to start
2015-03-03 14:16:21 3152 [Note] InnoDB: 5.6.13 started; log sequence number 1626636
2015-03-03 14:16:21 3152 [Warning] No existing UUID has been found, so we assume that this is the first time that this server has been started. Generating a new UUID: 7c4372a0-c1a7-11e4-b6fa-40167e942787.
2015-03-03 14:16:21 3152 [Note] Server hostname (bind-address): '*'; port: 3307
2015-03-03 14:16:21 3152 [Note] IPv6 is available.
2015-03-03 14:16:21 3152 [Note]   - '::' resolves to '::';
2015-03-03 14:16:21 3152 [Note] Server socket created on IP: '::'.
