2015-03-04 09:27:53 10352 [Note] Plugin 'FEDERATED' is disabled.
2015-03-04 09:27:53 10352 [Note] InnoDB: The InnoDB memory heap is disabled
2015-03-04 09:27:53 10352 [Note] InnoDB: Mutexes and rw_locks use Windows interlocked functions
2015-03-04 09:27:53 10352 [Note] InnoDB: Compressed tables use zlib 1.2.3
2015-03-04 09:27:53 10352 [Note] InnoDB: Not using CPU crc32 instructions
2015-03-04 09:27:53 10352 [Note] InnoDB: Initializing buffer pool, size = 128.0M
2015-03-04 09:27:53 10352 [Note] InnoDB: Completed initialization of buffer pool
2015-03-04 09:27:53 10352 [Note] InnoDB: Highest supported file format is Barracuda.
2015-03-04 09:27:53 10352 [Note] InnoDB: The log sequence numbers 1626134 and 1626134 in ibdata files do not match the log sequence number 1759494 in the ib_logfiles!
2015-03-04 09:27:53 10352 [Note] InnoDB: Database was not shutdown normally!
2015-03-04 09:27:53 10352 [Note] InnoDB: Starting crash recovery.
2015-03-04 09:27:53 10352 [Note] InnoDB: Reading tablespace information from the .ibd files...
2015-03-04 09:27:53 10352 [Note] InnoDB: Restoring possible half-written data pages 
2015-03-04 09:27:53 10352 [Note] InnoDB: from the doublewrite buffer...
2015-03-04 09:27:54 10352 [Note] InnoDB: 128 rollback segment(s) are active.
2015-03-04 09:27:54 10352 [Note] InnoDB: Waiting for purge to start
2015-03-04 09:27:54 10352 [Note] InnoDB: 5.6.13 started; log sequence number 1759494
2015-03-04 09:27:54 10352 [Note] Server hostname (bind-address): '*'; port: 3307
2015-03-04 09:27:54 10352 [Note] IPv6 is available.
2015-03-04 09:27:54 10352 [Note]   - '::' resolves to '::';
2015-03-04 09:27:54 10352 [Note] Server socket created on IP: '::'.
2015-03-05 09:27:29 7004 [Note] Plugin 'FEDERATED' is disabled.
2015-03-05 09:27:29 7004 [Note] InnoDB: The InnoDB memory heap is disabled
2015-03-05 09:27:29 7004 [Note] InnoDB: Mutexes and rw_locks use Windows interlocked functions
2015-03-05 09:27:29 7004 [Note] InnoDB: Compressed tables use zlib 1.2.3
2015-03-05 09:27:29 7004 [Note] InnoDB: Not using CPU crc32 instructions
2015-03-05 09:27:29 7004 [Note] InnoDB: Initializing buffer pool, size = 128.0M
2015-03-05 09:27:29 7004 [Note] InnoDB: Completed initialization of buffer pool
2015-03-05 09:27:30 7004 [Note] InnoDB: Highest supported file format is Barracuda.
2015-03-05 09:27:30 7004 [Note] InnoDB: The log sequence numbers 1626134 and 1626134 in ibdata files do not match the log sequence number 1889092 in the ib_logfiles!
2015-03-05 09:27:30 7004 [Note] InnoDB: Database was not shutdown normally!
2015-03-05 09:27:30 7004 [Note] InnoDB: Starting crash recovery.
2015-03-05 09:27:30 7004 [Note] InnoDB: Reading tablespace information from the .ibd files...
2015-03-05 09:27:30 7004 [Note] InnoDB: Restoring possible half-written data pages 
2015-03-05 09:27:30 7004 [Note] InnoDB: from the doublewrite buffer...
2015-03-05 09:27:34 7004 [Note] InnoDB: 128 rollback segment(s) are active.
2015-03-05 09:27:34 7004 [Note] InnoDB: Waiting for purge to start
2015-03-05 09:27:34 7004 [Note] InnoDB: 5.6.13 started; log sequence number 1889092
2015-03-05 09:27:35 7004 [Note] Server hostname (bind-address): '*'; port: 3307
2015-03-05 09:27:35 7004 [Note] IPv6 is available.
2015-03-05 09:27:35 7004 [Note]   - '::' resolves to '::';
2015-03-05 09:27:35 7004 [Note] Server socket created on IP: '::'.
2015-03-10 11:57:29 8224 [Note] Plugin 'FEDERATED' is disabled.
2015-03-10 11:57:29 8224 [Note] InnoDB: The InnoDB memory heap is disabled
2015-03-10 11:57:29 8224 [Note] InnoDB: Mutexes and rw_locks use Windows interlocked functions
2015-03-10 11:57:29 8224 [Note] InnoDB: Compressed tables use zlib 1.2.3
2015-03-10 11:57:29 8224 [Note] InnoDB: Not using CPU crc32 instructions
2015-03-10 11:57:29 8224 [Note] InnoDB: Initializing buffer pool, size = 128.0M
2015-03-10 11:57:29 8224 [Note] InnoDB: Completed initialization of buffer pool
2015-03-10 11:57:29 8224 [Note] InnoDB: Highest supported file format is Barracuda.
2015-03-10 11:57:29 8224 [Note] InnoDB: The log sequence numbers 1626134 and 1626134 in ibdata files do not match the log sequence number 2146380 in the ib_logfiles!
2015-03-10 11:57:29 8224 [Note] InnoDB: Database was not shutdown normally!
2015-03-10 11:57:29 8224 [Note] InnoDB: Starting crash recovery.
2015-03-10 11:57:29 8224 [Note] InnoDB: Reading tablespace information from the .ibd files...
2015-03-10 11:57:29 8224 [Note] InnoDB: Restoring possible half-written data pages 
2015-03-10 11:57:29 8224 [Note] InnoDB: from the doublewrite buffer...
2015-03-10 11:57:31 8224 [Note] InnoDB: 128 rollback segment(s) are active.
2015-03-10 11:57:31 8224 [Note] InnoDB: Waiting for purge to start
2015-03-10 11:57:31 8224 [Note] InnoDB: 5.6.13 started; log sequence number 2146380
2015-03-10 11:57:31 8224 [Note] Server hostname (bind-address): '*'; port: 3307
2015-03-10 11:57:31 8224 [Note] IPv6 is available.
2015-03-10 11:57:31 8224 [Note]   - '::' resolves to '::';
2015-03-10 11:57:31 8224 [Note] Server socket created on IP: '::'.
2015-03-11 09:04:53 7756 [Note] Plugin 'FEDERATED' is disabled.
2015-03-11 09:04:53 7756 [Note] InnoDB: The InnoDB memory heap is disabled
2015-03-11 09:04:53 7756 [Note] InnoDB: Mutexes and rw_locks use Windows interlocked functions
2015-03-11 09:04:53 7756 [Note] InnoDB: Compressed tables use zlib 1.2.3
2015-03-11 09:04:53 7756 [Note] InnoDB: Not using CPU crc32 instructions
2015-03-11 09:04:53 7756 [Note] InnoDB: Initializing buffer pool, size = 128.0M
2015-03-11 09:04:53 7756 [Note] InnoDB: Completed initialization of buffer pool
2015-03-11 09:04:53 7756 [Note] InnoDB: Highest supported file format is Barracuda.
2015-03-11 09:04:53 7756 [Note] InnoDB: The log sequence numbers 1626134 and 1626134 in ibdata files do not match the log sequence number 2146390 in the ib_logfiles!
2015-03-11 09:04:53 7756 [Note] InnoDB: Database was not shutdown normally!
2015-03-11 09:04:53 7756 [Note] InnoDB: Starting crash recovery.
2015-03-11 09:04:53 7756 [Note] InnoDB: Reading tablespace information from the .ibd files...
2015-03-11 09:04:53 7756 [Note] InnoDB: Restoring possible half-written data pages 
2015-03-11 09:04:53 7756 [Note] InnoDB: from the doublewrite buffer...
2015-03-11 09:04:54 7756 [Note] InnoDB: 128 rollback segment(s) are active.
2015-03-11 09:04:54 7756 [Note] InnoDB: Waiting for purge to start
2015-03-11 09:04:54 7756 [Note] InnoDB: 5.6.13 started; log sequence number 2146390
2015-03-11 09:04:54 7756 [Note] Server hostname (bind-address): '*'; port: 3307
2015-03-11 09:04:54 7756 [Note] IPv6 is available.
2015-03-11 09:04:54 7756 [Note]   - '::' resolves to '::';
2015-03-11 09:04:54 7756 [Note] Server socket created on IP: '::'.
2015-03-11 16:34:43 14140 [Note] Plugin 'FEDERATED' is disabled.
2015-03-11 16:34:43 14140 [Note] InnoDB: The InnoDB memory heap is disabled
2015-03-11 16:34:43 14140 [Note] InnoDB: Mutexes and rw_locks use Windows interlocked functions
2015-03-11 16:34:43 14140 [Note] InnoDB: Compressed tables use zlib 1.2.3
2015-03-11 16:34:43 14140 [Note] InnoDB: Not using CPU crc32 instructions
2015-03-11 16:34:43 14140 [Note] InnoDB: Initializing buffer pool, size = 128.0M
2015-03-11 16:34:43 14140 [Note] InnoDB: Completed initialization of buffer pool
2015-03-11 16:34:43 14140 [Note] InnoDB: Highest supported file format is Barracuda.
2015-03-11 16:34:43 14140 [Note] InnoDB: The log sequence numbers 1626134 and 1626134 in ibdata files do not match the log sequence number 2147947 in the ib_logfiles!
2015-03-11 16:34:43 14140 [Note] InnoDB: Database was not shutdown normally!
2015-03-11 16:34:43 14140 [Note] InnoDB: Starting crash recovery.
2015-03-11 16:34:43 14140 [Note] InnoDB: Reading tablespace information from the .ibd files...
2015-03-11 16:34:43 14140 [Note] InnoDB: Restoring possible half-written data pages 
2015-03-11 16:34:43 14140 [Note] InnoDB: from the doublewrite buffer...
2015-03-11 16:34:44 14140 [Note] InnoDB: 128 rollback segment(s) are active.
2015-03-11 16:34:44 14140 [Note] InnoDB: Waiting for purge to start
2015-03-11 16:34:44 14140 [Note] InnoDB: 5.6.13 started; log sequence number 2147947
2015-03-11 16:34:44 14140 [Note] Server hostname (bind-address): '*'; port: 3307
2015-03-11 16:34:44 14140 [Note] IPv6 is available.
2015-03-11 16:34:44 14140 [Note]   - '::' resolves to '::';
2015-03-11 16:34:44 14140 [Note] Server socket created on IP: '::'.
2015-03-13 12:44:44 7844 [Note] Plugin 'FEDERATED' is disabled.
2015-03-13 12:44:44 7844 [Note] InnoDB: The InnoDB memory heap is disabled
2015-03-13 12:44:44 7844 [Note] InnoDB: Mutexes and rw_locks use Windows interlocked functions
2015-03-13 12:44:44 7844 [Note] InnoDB: Compressed tables use zlib 1.2.3
2015-03-13 12:44:44 7844 [Note] InnoDB: Not using CPU crc32 instructions
2015-03-13 12:44:44 7844 [Note] InnoDB: Initializing buffer pool, size = 128.0M
2015-03-13 12:44:44 7844 [Note] InnoDB: Completed initialization of buffer pool
2015-03-13 12:44:44 7844 [Note] InnoDB: Highest supported file format is Barracuda.
2015-03-13 12:44:44 7844 [Note] InnoDB: The log sequence numbers 1626134 and 1626134 in ibdata files do not match the log sequence number 2148649 in the ib_logfiles!
2015-03-13 12:44:44 7844 [Note] InnoDB: Database was not shutdown normally!
2015-03-13 12:44:44 7844 [Note] InnoDB: Starting crash recovery.
2015-03-13 12:44:44 7844 [Note] InnoDB: Reading tablespace information from the .ibd files...
2015-03-13 12:44:44 7844 [Note] InnoDB: Restoring possible half-written data pages 
2015-03-13 12:44:44 7844 [Note] InnoDB: from the doublewrite buffer...
2015-03-13 12:44:45 7844 [Note] InnoDB: 128 rollback segment(s) are active.
2015-03-13 12:44:45 7844 [Note] InnoDB: Waiting for purge to start
2015-03-13 12:44:45 7844 [Note] InnoDB: 5.6.13 started; log sequence number 2148649
2015-03-13 12:44:45 7844 [Note] Server hostname (bind-address): '*'; port: 3307
2015-03-13 12:44:45 7844 [Note] IPv6 is available.
2015-03-13 12:44:45 7844 [Note]   - '::' resolves to '::';
2015-03-13 12:44:45 7844 [Note] Server socket created on IP: '::'.
2015-03-13 12:49:26 8012 [Note] Plugin 'FEDERATED' is disabled.
2015-03-13 12:49:26 8012 [Note] InnoDB: The InnoDB memory heap is disabled
2015-03-13 12:49:26 8012 [Note] InnoDB: Mutexes and rw_locks use Windows interlocked functions
2015-03-13 12:49:26 8012 [Note] InnoDB: Compressed tables use zlib 1.2.3
2015-03-13 12:49:26 8012 [Note] InnoDB: Not using CPU crc32 instructions
2015-03-13 12:49:26 8012 [Note] InnoDB: Initializing buffer pool, size = 128.0M
2015-03-13 12:49:26 8012 [Note] InnoDB: Completed initialization of buffer pool
2015-03-13 12:49:26 8012 [Note] InnoDB: Highest supported file format is Barracuda.
2015-03-13 12:49:26 8012 [Note] InnoDB: The log sequence numbers 1626134 and 1626134 in ibdata files do not match the log sequence number 2148659 in the ib_logfiles!
2015-03-13 12:49:26 8012 [Note] InnoDB: Database was not shutdown normally!
2015-03-13 12:49:26 8012 [Note] InnoDB: Starting crash recovery.
2015-03-13 12:49:26 8012 [Note] InnoDB: Reading tablespace information from the .ibd files...
2015-03-13 12:49:26 8012 [Note] InnoDB: Restoring possible half-written data pages 
2015-03-13 12:49:26 8012 [Note] InnoDB: from the doublewrite buffer...
2015-03-13 12:49:27 8012 [Note] InnoDB: 128 rollback segment(s) are active.
2015-03-13 12:49:27 8012 [Note] InnoDB: Waiting for purge to start
2015-03-13 12:49:27 8012 [Note] InnoDB: 5.6.13 started; log sequence number 2148659
2015-03-13 12:49:27 8012 [Note] Server hostname (bind-address): '*'; port: 3307
2015-03-13 12:49:27 8012 [Note] IPv6 is available.
2015-03-13 12:49:27 8012 [Note]   - '::' resolves to '::';
2015-03-13 12:49:27 8012 [Note] Server socket created on IP: '::'.
